[2025-09-21 18:05:06] received training job
[2025-09-21 18:05:06] training started
[2025-09-21 18:05:06] running: C:\Users\HP\anaconda3\python.exe C:\MY FOLDER\Hackathon\Smart India Hackathon - 2025\Project\deep-sea-edna-ai\Clustering NN\clust_nn_pipeline_sklearn.py --train_fasta C:\MY FOLDER\Hackathon\Smart India Hackathon - 2025\Project\deep-sea-edna-ai\Clustering NN\backend\runs\cbfe8e4b-7fda-4594-8f96-7ffc3f20cd89\train.fasta --outdir C:\MY FOLDER\Hackathon\Smart India Hackathon - 2025\Project\deep-sea-edna-ai\Clustering NN\backend\runs\cbfe8e4b-7fda-4594-8f96-7ffc3f20cd89 --k 4 --pca 50 --epochs 30 --centroid_percentile 95.0
[2025-09-21 18:05:13] Training MLP from labeled FASTA...
[2025-09-21 18:05:13] 
[2025-09-21 18:05:13] Vectorizing (k-mer):   0%|          | 0/2 [00:00<?, ?it/s]
[2025-09-21 18:05:13] Vectorizing (k-mer): 100%|##########| 2/2 [00:00<00:00, 1317.93it/s]
[2025-09-21 18:05:13] Warning: following classes have <2 samples and will be removed: [np.int64(1), np.int64(0)]
[2025-09-21 18:05:13] Traceback (most recent call last):
[2025-09-21 18:05:13]   File "C:\MY FOLDER\Hackathon\Smart India Hackathon - 2025\Project\deep-sea-edna-ai\Clustering NN\clust_nn_pipeline_sklearn.py", line 409, in <module>
[2025-09-21 18:05:13]     main()
[2025-09-21 18:05:13]   File "C:\MY FOLDER\Hackathon\Smart India Hackathon - 2025\Project\deep-sea-edna-ai\Clustering NN\clust_nn_pipeline_sklearn.py", line 379, in main
[2025-09-21 18:05:13]     model_path = train_from_labeled_fasta(args.train_fasta, outdir, k=args.k, pca_comp=args.pca, epochs=args.epochs, centroid_percentile=args.centroid_percentile)
[2025-09-21 18:05:13]                  ^^^^^^^^^^^^^^^^^^^^^^^^^^^^^^^^^^^^^^^^^^^^^^^^^^^^^^^^^^^^^^^^^^^^^^^^^^^^^^^^^^^^^^^^^^^^^^^^^^^^^^^^^^^^^^^^^^^^^^^^^^^^^^^^^^^^^^^^^^^^^^^^^
[2025-09-21 18:05:13]   File "C:\MY FOLDER\Hackathon\Smart India Hackathon - 2025\Project\deep-sea-edna-ai\Clustering NN\clust_nn_pipeline_sklearn.py", line 184, in train_from_labeled_fasta
[2025-09-21 18:05:13]     X_train, X_test, y_train, y_test = train_test_split(Xr_s, y, test_size=0.2, random_state=42, stratify=y)
[2025-09-21 18:05:13]                                        ^^^^^^^^^^^^^^^^^^^^^^^^^^^^^^^^^^^^^^^^^^^^^^^^^^^^^^^^^^^^^^^^^^^^^
[2025-09-21 18:05:13]   File "C:\Users\HP\anaconda3\Lib\site-packages\sklearn\utils\_param_validation.py", line 218, in wrapper
[2025-09-21 18:05:13]     return func(*args, **kwargs)
[2025-09-21 18:05:13]            ^^^^^^^^^^^^^^^^^^^^^
[2025-09-21 18:05:13]   File "C:\Users\HP\anaconda3\Lib\site-packages\sklearn\model_selection\_split.py", line 2919, in train_test_split
[2025-09-21 18:05:13]     n_train, n_test = _validate_shuffle_split(
[2025-09-21 18:05:13]                       ^^^^^^^^^^^^^^^^^^^^^^^^
[2025-09-21 18:05:13]   File "C:\Users\HP\anaconda3\Lib\site-packages\sklearn\model_selection\_split.py", line 2499, in _validate_shuffle_split
[2025-09-21 18:05:13]     raise ValueError(
[2025-09-21 18:05:13] ValueError: With n_samples=0, test_size=0.2 and train_size=None, the resulting train set will be empty. Adjust any of the aforementioned parameters.
[2025-09-21 18:05:13] training failed with return code 1
